<?xml version="1.0" encoding="UTF-8"?>
<testng-results ignored="0" total="1" passed="1" failed="0" skipped="0">
  <reporter-output>
  </reporter-output>
  <suite started-at="2024-06-25T22:56:38 IST" name="Default suite" finished-at="2024-06-25T22:56:58 IST" duration-ms="19787">
    <groups>
    </groups>
    <test started-at="2024-06-25T22:56:38 IST" name="Default test" finished-at="2024-06-25T22:56:58 IST" duration-ms="19787">
      <class name="BaseLiabrary.OpenWebUrl">
        <test-method signature="launchUrl()[pri:0, instance:BaseLiabrary.OpenWebUrl@6302bbb1]" started-at="2024-06-25T22:56:38 IST" name="launchUrl" finished-at="2024-06-25T22:56:58 IST" duration-ms="19632" status="PASS">
          <reporter-output>
          </reporter-output>
        </test-method> <!-- launchUrl -->
      </class> <!-- BaseLiabrary.OpenWebUrl -->
    </test> <!-- Default test -->
  </suite> <!-- Default suite -->
</testng-results>
